<?xml version="1.0" encoding="UTF-8"?>
<!-- Generated by org.testng.reporters.JUnitReportReporter -->
<testsuite skipped="0" hostname="LAPTOP-I1QLEPR5" name="testCases.ProductVerification" tests="1" failures="0" timestamp="02 Apr 2018 19:47:39 GMT" time="8.405" errors="0">
  <testcase name="verifyProductPrice" time="8.405" classname="testCases.ProductVerification"/>
</testsuite> <!-- testCases.ProductVerification -->
